<?xml version="1.0" encoding="UTF-8"?>
<!-- Generated by org.testng.reporters.JUnitReportReporter -->
<testsuite hostname="LAPTOP-5HP1H68R" failures="0" tests="2" name="Testcase1.basicProgram" time="0.003" errors="0" timestamp="2021-11-17T05:40:46 IST" skipped="0">
  <testcase classname="Testcase1.basicProgram" name="doregister" time="0.001"/>
  <system-out/>
  <testcase classname="Testcase1.basicProgram" name="dologin" time="0.002"/>
  <system-out/>
</testsuite> <!-- Testcase1.basicProgram -->
