<?xml version="1.0" encoding="UTF-8"?>
<!-- Generated by org.testng.reporters.JUnitReportReporter -->
<testsuite hostname="LAPTOP-5HP1H68R" failures="0" tests="3" name="parameterization.TestNGParamitarizationExcel" time="0.009" errors="0" timestamp="2021-11-08T01:44:34 IST" skipped="0">
  <testcase classname="parameterization.TestNGParamitarizationExcel" name="doLogin" time="0.001"/>
  <system-out/>
  <testcase classname="parameterization.TestNGParamitarizationExcel" name="doLogin" time="0.001"/>
  <system-out/>
  <testcase classname="parameterization.TestNGParamitarizationExcel" name="doLogin" time="0.007"/>
  <system-out/>
</testsuite> <!-- parameterization.TestNGParamitarizationExcel -->
