<?xml version="1.0" encoding="UTF-8"?>
<!-- Generated by org.testng.reporters.JUnitReportReporter -->
<testsuite hostname="LAPTOP-5HP1H68R" failures="0" tests="4" name="GroupsDemo.TestNGgroup" time="0.011" errors="0" timestamp="2021-11-17T11:08:03 IST" skipped="0">
  <testcase classname="GroupsDemo.TestNGgroup" name="test2" time="0.001"/>
  <system-out/>
  <testcase classname="GroupsDemo.TestNGgroup" name="test1" time="0.007"/>
  <system-out/>
  <testcase classname="GroupsDemo.TestNGgroup" name="test4" time="0.001"/>
  <system-out/>
  <testcase classname="GroupsDemo.TestNGgroup" name="test3" time="0.002"/>
  <system-out/>
</testsuite> <!-- GroupsDemo.TestNGgroup -->
