<?xml version="1.0" encoding="UTF-8"?>
<!-- Generated by org.testng.reporters.JUnitReportReporter -->
<testsuite hostname="LAPTOP-5HP1H68R" failures="0" tests="1" name="Testcase1.DemoTestcase" time="0.016" errors="0" timestamp="2021-11-15T16:19:17 IST" skipped="0">
  <testcase classname="Testcase1.DemoTestcase" name="titleCheck" time="0.016"/>
  <system-out/>
</testsuite> <!-- Testcase1.DemoTestcase -->
