<?xml version="1.0" encoding="UTF-8"?>
<!-- Generated by org.testng.reporters.JUnitReportReporter -->
<testsuite hostname="LAPTOP-5HP1H68R" failures="0" tests="1" name="Testcase1.DemoTestNG" time="0.084" errors="0" timestamp="2021-11-17T05:40:46 IST" skipped="0">
  <testcase classname="Testcase1.DemoTestNG" name="titleCheck" time="0.084"/>
  <system-out/>
</testsuite> <!-- Testcase1.DemoTestNG -->
