<?xml version="1.0" encoding="UTF-8"?>
<!-- Generated by org.testng.reporters.JUnitReportReporter -->
<testsuite hostname="LAPTOP-5HP1H68R" failures="0" tests="1" name="TestCase2.DemoTestNG" time="0.044" errors="0" timestamp="2021-11-15T16:43:01 IST" skipped="0">
  <testcase classname="TestCase2.DemoTestNG" name="titleCheck" time="0.044"/>
  <system-out/>
</testsuite> <!-- TestCase2.DemoTestNG -->
