<?xml version="1.0" encoding="UTF-8"?>
<!-- Generated by org.testng.reporters.JUnitReportReporter -->
<testsuite hostname="LAPTOP-5HP1H68R" failures="0" tests="1" name="Testcase1.SkipConditions" time="0.001" errors="0" timestamp="2021-11-17T05:40:46 IST" skipped="1">
  <testcase classname="Testcase1.SkipConditions" name="skipSetup" time="0.001">
    <skipped/>
  </testcase> <!-- skipSetup -->
  <system-out/>
</testsuite> <!-- Testcase1.SkipConditions -->
