<?xml version="1.0" encoding="UTF-8"?>
<!-- Generated by org.testng.reporters.JUnitReportReporter -->
<testsuite hostname="LAPTOP-5HP1H68R" failures="0" tests="3" name="parameterization.TestParameterization" time="0.014" errors="0" timestamp="2021-11-05T12:27:33 IST" skipped="0">
  <testcase classname="parameterization.TestParameterization" name="doLogin" time="0.006"/>
  <system-out/>
  <testcase classname="parameterization.TestParameterization" name="doLogin" time="0.006"/>
  <system-out/>
  <testcase classname="parameterization.TestParameterization" name="doLogin" time="0.002"/>
  <system-out/>
</testsuite> <!-- parameterization.TestParameterization -->
