<?xml version="1.0" encoding="UTF-8"?>
<!-- Generated by org.testng.reporters.JUnitReportReporter -->
<testsuite hostname="LAPTOP-5HP1H68R" failures="0" tests="1" name="utils.ExcelUtils" time="0.499" errors="0" timestamp="2021-11-08T01:54:55 IST" skipped="0">
  <testcase classname="utils.ExcelUtils" name="getRowCount" time="0.499"/>
  <system-out/>
</testsuite> <!-- utils.ExcelUtils -->
