<?xml version="1.0" encoding="UTF-8"?>
<!-- Generated by org.testng.reporters.JUnitReportReporter -->
<testsuite hostname="LAPTOP-5HP1H68R" failures="0" tests="2" name="defualtAlldemoes.NewLogInTest" time="0.008" errors="0" timestamp="2021-11-12T19:08:23 IST" skipped="0">
  <testcase classname="defualtAlldemoes.NewLogInTest" name="testData" time="0.001"/>
  <system-out/>
  <testcase classname="defualtAlldemoes.NewLogInTest" name="testData" time="0.007"/>
  <system-out/>
</testsuite> <!-- defualtAlldemoes.NewLogInTest -->
