<?xml version="1.0" encoding="UTF-8"?>
<!-- Generated by org.testng.reporters.JUnitReportReporter -->
<testsuite hostname="LAPTOP-5HP1H68R" failures="0" tests="1" name="Testcase3.TestNGgroup" time="0.011" errors="0" timestamp="2021-11-03T12:55:38 IST" skipped="0">
  <testcase classname="Testcase3.TestNGgroup" name="test2" time="0.011"/>
  <system-out/>
</testsuite> <!-- Testcase3.TestNGgroup -->
