<?xml version="1.0" encoding="UTF-8"?>
<!-- Generated by org.testng.reporters.JUnitReportReporter -->
<testsuite hostname="LAPTOP-5HP1H68R" failures="0" tests="2" name="parallelTestDemo.ParallelTestDataProvider" time="6.089" errors="0" timestamp="2021-11-15T15:53:12 IST" skipped="0">
  <testcase classname="parallelTestDemo.ParallelTestDataProvider" name="doLogin" time="3.033"/>
  <system-out/>
  <testcase classname="parallelTestDemo.ParallelTestDataProvider" name="doLogin" time="3.056"/>
  <system-out/>
</testsuite> <!-- parallelTestDemo.ParallelTestDataProvider -->
