<?xml version="1.0" encoding="UTF-8"?>
<!-- Generated by org.testng.reporters.JUnitReportReporter -->
<testsuite hostname="LAPTOP-5HP1H68R" failures="0" tests="1" name="utils1.ExcelUtils1" time="1.376" errors="0" timestamp="2021-11-15T12:00:04 IST" skipped="0">
  <testcase classname="utils1.ExcelUtils1" name="getRowCount" time="1.376"/>
  <system-out/>
</testsuite> <!-- utils1.ExcelUtils1 -->
