<?xml version="1.0" encoding="UTF-8"?>
<!-- Generated by org.testng.reporters.JUnitReportReporter -->
<testsuite hostname="LAPTOP-5HP1H68R" failures="0" tests="6" name="co.demo.MultipleTestPractice" time="0.028" errors="0" timestamp="26 Jun 2021 10:12:27 GMT">
  <testcase classname="co.demo.MultipleTestPractice" name="one" time="0.003"/>
  <testcase classname="co.demo.MultipleTestPractice" name="four" time="0.001"/>
  <testcase classname="co.demo.MultipleTestPractice" name="one" time="0.006"/>
  <testcase classname="co.demo.MultipleTestPractice" name="one" time="0.011"/>
  <testcase classname="co.demo.MultipleTestPractice" name="one" time="0.004"/>
  <testcase classname="co.demo.MultipleTestPractice" name="one" time="0.003"/>
</testsuite> <!-- co.demo.MultipleTestPractice -->
