<?xml version="1.0" encoding="UTF-8"?>
<!-- Generated by org.testng.reporters.JUnitReportReporter -->
<testsuite hostname="LAPTOP-5HP1H68R" failures="0" tests="2" name="co.demo.MultipleLoging" time="26.750" errors="0" timestamp="26 Jun 2021 11:07:24 GMT">
  <testcase classname="co.demo.MultipleLoging" name="login" time="10.735"/>
  <testcase classname="co.demo.MultipleLoging" name="login" time="16.015"/>
</testsuite> <!-- co.demo.MultipleLoging -->
