<?xml version="1.0" encoding="UTF-8"?>
<!-- Generated by org.testng.reporters.JUnitReportReporter -->
<testsuite hostname="LAPTOP-5HP1H68R" failures="0" tests="2" name="co.demo.MultipleBrowserPracticeTest" time="24.228" errors="0" timestamp="29 Jun 2021 02:17:43 GMT">
  <testcase classname="co.demo.MultipleBrowserPracticeTest" name="Login" time="12.208"/>
  <testcase classname="co.demo.MultipleBrowserPracticeTest" name="Login" time="12.020"/>
</testsuite> <!-- co.demo.MultipleBrowserPracticeTest -->
