<?xml version="1.0" encoding="UTF-8"?>
<!-- Generated by org.testng.reporters.JUnitReportReporter -->
<testsuite skipped="0" hostname="LAPTOP-5HP1H68R" name="GroupsDemo.TestNGgroup" tests="4" failures="0" timestamp="2021-11-22T14:05:39 IST" time="0.001" errors="0">
  <testcase name="test1" time="0.000" classname="GroupsDemo.TestNGgroup"/>
  <system-out/>
  <testcase name="test3" time="0.000" classname="GroupsDemo.TestNGgroup"/>
  <system-out/>
  <testcase name="test4" time="0.000" classname="GroupsDemo.TestNGgroup"/>
  <system-out/>
  <testcase name="test2" time="0.001" classname="GroupsDemo.TestNGgroup"/>
  <system-out/>
</testsuite> <!-- GroupsDemo.TestNGgroup -->
