<?xml version="1.0" encoding="UTF-8"?>
<!-- Generated by org.testng.reporters.JUnitReportReporter -->
<testsuite skipped="0" hostname="LAPTOP-5HP1H68R" name="defualtAlldemoes.NewLogInTest" tests="2" failures="0" timestamp="2021-11-22T14:05:39 IST" time="0.000" errors="0">
  <testcase name="testData" time="0.000" classname="defualtAlldemoes.NewLogInTest"/>
  <system-out/>
  <testcase name="testData" time="0.000" classname="defualtAlldemoes.NewLogInTest"/>
  <system-out/>
</testsuite> <!-- defualtAlldemoes.NewLogInTest -->
