<?xml version="1.0" encoding="UTF-8"?>
<!-- Generated by org.testng.reporters.JUnitReportReporter -->
<testsuite skipped="0" hostname="LAPTOP-5HP1H68R" name="dataProvideParameterization.TestParameterization" tests="3" failures="0" timestamp="2021-11-22T14:05:39 IST" time="0.003" errors="0">
  <testcase name="doLogin" time="0.001" classname="dataProvideParameterization.TestParameterization"/>
  <system-out/>
  <testcase name="doLogin" time="0.002" classname="dataProvideParameterization.TestParameterization"/>
  <system-out/>
  <testcase name="doLogin" time="0.000" classname="dataProvideParameterization.TestParameterization"/>
  <system-out/>
</testsuite> <!-- dataProvideParameterization.TestParameterization -->
