<?xml version="1.0" encoding="UTF-8"?>
<!-- Generated by org.testng.reporters.JUnitReportReporter -->
<testsuite hostname="LAPTOP-5HP1H68R" failures="0" tests="4" name="interfaceTesting.SaveTestNGToExcel" time="21.398" errors="0" timestamp="2 Nov 2021 05:52:07 GMT">
  <testcase classname="interfaceTesting.SaveTestNGToExcel" name="FillLoginDetails" time="1.177"/>
  <testcase classname="interfaceTesting.SaveTestNGToExcel" name="DoLogin" time="1.466"/>
  <testcase classname="interfaceTesting.SaveTestNGToExcel" name="LogOut" time="0.003"/>
  <testcase classname="interfaceTesting.SaveTestNGToExcel" name="LaunchWebsite" time="18.752"/>
</testsuite> <!-- interfaceTesting.SaveTestNGToExcel -->
