<?xml version="1.0" encoding="UTF-8"?>
<!-- Generated by org.testng.reporters.JUnitReportReporter -->
<testsuite hostname="LAPTOP-5HP1H68R" failures="0" tests="1" name="FacebookTest.LoginTest" time="12.099" errors="0" timestamp="2021-11-23T19:05:49 IST" skipped="0">
  <testcase classname="FacebookTest.LoginTest" name="init" time="12.099"/>
  <system-out/>
</testsuite> <!-- FacebookTest.LoginTest -->
